TN:
SF:server.js
FN:35,(anonymous_0)
FN:40,(anonymous_1)
FN:55,(anonymous_2)
FN:71,(anonymous_3)
FNF:4
FNH:2
FNDA:0,(anonymous_0)
FNDA:1,(anonymous_1)
FNDA:0,(anonymous_2)
FNDA:1,(anonymous_3)
DA:1,1
DA:2,1
DA:3,1
DA:4,1
DA:5,1
DA:7,1
DA:8,1
DA:11,1
DA:13,1
DA:14,1
DA:16,1
DA:17,1
DA:18,1
DA:19,1
DA:22,0
DA:27,1
DA:31,1
DA:33,1
DA:35,0
DA:36,0
DA:40,1
DA:41,1
DA:46,1
DA:49,1
DA:52,1
DA:55,1
DA:56,0
DA:60,1
DA:61,1
DA:62,1
DA:64,1
DA:70,1
DA:71,1
DA:72,1
LF:34
LH:30
BRDA:33,0,0,0
BRDA:33,0,1,1
BRDA:70,1,0,1
BRDA:70,1,1,1
BRF:4
BRH:3
end_of_record
TN:
SF:app/config/db.config.js
FNF:0
FNH:0
DA:2,1
DA:5,1
DA:6,1
DA:7,1
DA:8,1
DA:11,0
DA:20,1
DA:23,0
DA:24,0
DA:25,0
DA:26,0
DA:27,0
DA:28,0
DA:31,0
DA:32,0
DA:33,0
DA:34,0
DA:35,0
DA:36,0
DA:39,1
DA:40,1
DA:41,1
DA:42,1
DA:43,1
DA:44,1
DA:48,1
LF:26
LH:13
BRDA:20,0,0,0
BRDA:20,0,1,0
BRDA:20,0,2,1
BRF:3
BRH:1
end_of_record
TN:
SF:app/controllers/foods.controller.js
FN:6,(anonymous_0)
FN:24,(anonymous_1)
FN:27,(anonymous_2)
FN:36,(anonymous_3)
FN:43,(anonymous_4)
FN:51,(anonymous_5)
FN:65,(anonymous_6)
FN:68,(anonymous_7)
FN:80,(anonymous_8)
FN:86,(anonymous_9)
FN:97,(anonymous_10)
FN:105,(anonymous_11)
FN:112,(anonymous_12)
FN:123,(anonymous_13)
FNF:14
FNH:10
FNDA:2,(anonymous_0)
FNDA:1,(anonymous_1)
FNDA:0,(anonymous_2)
FNDA:3,(anonymous_3)
FNDA:2,(anonymous_4)
FNDA:1,(anonymous_5)
FNDA:1,(anonymous_6)
FNDA:0,(anonymous_7)
FNDA:3,(anonymous_8)
FNDA:3,(anonymous_9)
FNDA:0,(anonymous_10)
FNDA:2,(anonymous_11)
FNDA:2,(anonymous_12)
FNDA:0,(anonymous_13)
DA:1,1
DA:2,1
DA:3,1
DA:6,1
DA:8,2
DA:9,1
DA:12,1
DA:16,1
DA:23,1
DA:25,1
DA:28,0
DA:36,1
DA:38,3
DA:40,2
DA:42,2
DA:44,2
DA:45,1
DA:49,2
DA:52,1
DA:61,1
DA:62,1
DA:64,1
DA:66,1
DA:69,0
DA:80,1
DA:81,3
DA:83,3
DA:87,3
DA:88,1
DA:92,2
DA:98,0
DA:105,1
DA:106,2
DA:107,2
DA:109,2
DA:113,2
DA:114,1
DA:118,1
DA:124,0
LF:39
LH:35
BRDA:8,0,0,1
BRDA:8,0,1,1
BRDA:8,1,0,2
BRDA:8,1,1,2
BRDA:8,1,2,1
BRDA:30,2,0,0
BRDA:30,2,1,0
BRDA:38,3,0,2
BRDA:38,3,1,1
BRDA:44,4,0,1
BRDA:44,4,1,1
BRDA:62,5,0,0
BRDA:62,5,1,1
BRDA:71,6,0,0
BRDA:71,6,1,0
BRDA:87,7,0,1
BRDA:87,7,1,2
BRDA:113,8,0,1
BRDA:113,8,1,1
BRF:19
BRH:14
end_of_record
TN:
SF:app/controllers/meals.controller.js
FN:9,isDateOk
FN:17,parseMealMultipleResponse
FN:25,(anonymous_2)
FN:36,(anonymous_3)
FN:63,parseMealSingleResponse
FN:82,(anonymous_5)
FN:105,(anonymous_6)
FN:162,(anonymous_7)
FN:172,(anonymous_8)
FN:185,(anonymous_9)
FN:203,(anonymous_10)
FN:217,(anonymous_11)
FN:239,(anonymous_12)
FN:245,(anonymous_13)
FN:256,(anonymous_14)
FN:265,(anonymous_15)
FN:277,(anonymous_16)
FN:290,(anonymous_17)
FNF:18
FNH:14
FNDA:2,isDateOk
FNDA:3,parseMealMultipleResponse
FNDA:4,(anonymous_2)
FNDA:6,(anonymous_3)
FNDA:5,parseMealSingleResponse
FNDA:5,(anonymous_5)
FNDA:3,(anonymous_6)
FNDA:10,(anonymous_7)
FNDA:3,(anonymous_8)
FNDA:0,(anonymous_9)
FNDA:6,(anonymous_10)
FNDA:0,(anonymous_11)
FNDA:2,(anonymous_12)
FNDA:2,(anonymous_13)
FNDA:0,(anonymous_14)
FNDA:1,(anonymous_15)
FNDA:1,(anonymous_16)
FNDA:0,(anonymous_17)
DA:1,1
DA:2,1
DA:3,1
DA:4,1
DA:5,1
DA:7,1
DA:10,2
DA:11,0
DA:13,2
DA:20,3
DA:21,3
DA:22,0
DA:25,3
DA:27,4
DA:35,4
DA:36,3
DA:37,6
DA:53,4
DA:59,3
DA:66,5
DA:67,0
DA:69,5
DA:77,5
DA:78,0
DA:81,5
DA:82,2
DA:83,5
DA:100,5
DA:105,1
DA:107,3
DA:108,3
DA:110,1
DA:113,1
DA:116,2
DA:117,0
DA:123,2
DA:129,2
DA:130,2
DA:131,2
DA:133,2
DA:137,2
DA:139,2
DA:140,2
DA:145,2
DA:149,0
DA:150,0
DA:162,1
DA:164,10
DA:166,3
DA:168,3
DA:173,3
DA:174,0
DA:177,0
DA:181,3
DA:183,3
DA:186,0
DA:187,0
DA:193,7
DA:195,6
DA:197,6
DA:204,6
DA:205,1
DA:208,1
DA:213,5
DA:215,5
DA:218,0
DA:219,0
DA:227,1
DA:239,1
DA:240,2
DA:242,2
DA:246,2
DA:247,1
DA:251,1
DA:258,0
DA:265,1
DA:267,1
DA:268,0
DA:272,1
DA:274,1
DA:278,1
DA:279,1
DA:285,0
DA:291,0
DA:292,0
LF:85
LH:67
BRDA:10,0,0,0
BRDA:10,0,1,2
BRDA:21,1,0,0
BRDA:21,1,1,3
BRDA:35,2,0,3
BRDA:35,2,1,1
BRDA:66,3,0,0
BRDA:66,3,1,5
BRDA:77,4,0,0
BRDA:77,4,1,5
BRDA:81,5,0,2
BRDA:81,5,1,3
BRDA:108,6,0,1
BRDA:108,6,1,2
BRDA:108,7,0,3
BRDA:108,7,1,3
BRDA:108,7,2,2
BRDA:116,8,0,0
BRDA:116,8,1,2
BRDA:152,9,0,0
BRDA:152,9,1,0
BRDA:164,10,0,3
BRDA:164,10,1,7
BRDA:173,11,0,0
BRDA:173,11,1,3
BRDA:189,12,0,0
BRDA:189,12,1,0
BRDA:193,13,0,6
BRDA:193,13,1,1
BRDA:204,14,0,1
BRDA:204,14,1,5
BRDA:246,15,0,1
BRDA:246,15,1,1
BRDA:267,16,0,0
BRDA:267,16,1,1
BRDA:278,17,0,1
BRDA:278,17,1,0
BRF:37
BRH:25
end_of_record
TN:
SF:app/controllers/users.controller.js
FN:6,(anonymous_0)
FN:38,(anonymous_1)
FN:41,(anonymous_2)
FN:50,(anonymous_3)
FN:57,(anonymous_4)
FN:60,(anonymous_5)
FN:71,(anonymous_6)
FN:79,(anonymous_7)
FN:91,(anonymous_8)
FN:102,(anonymous_9)
FN:113,(anonymous_10)
FN:121,(anonymous_11)
FN:127,(anonymous_12)
FN:138,(anonymous_13)
FN:147,(anonymous_14)
FN:159,(anonymous_15)
FN:167,(anonymous_16)
FNF:17
FNH:14
FNDA:3,(anonymous_0)
FNDA:2,(anonymous_1)
FNDA:1,(anonymous_2)
FNDA:5,(anonymous_3)
FNDA:2,(anonymous_4)
FNDA:0,(anonymous_5)
FNDA:3,(anonymous_6)
FNDA:1,(anonymous_7)
FNDA:2,(anonymous_8)
FNDA:2,(anonymous_9)
FNDA:0,(anonymous_10)
FNDA:2,(anonymous_11)
FNDA:2,(anonymous_12)
FNDA:0,(anonymous_13)
FNDA:3,(anonymous_14)
FNDA:3,(anonymous_15)
FNDA:1,(anonymous_16)
DA:1,1
DA:2,1
DA:3,1
DA:6,1
DA:8,3
DA:10,1
DA:13,1
DA:17,2
DA:18,2
DA:19,1
DA:25,2
DA:37,2
DA:39,2
DA:42,1
DA:50,1
DA:52,5
DA:53,2
DA:54,2
DA:56,2
DA:58,2
DA:61,0
DA:68,3
DA:70,3
DA:72,3
DA:73,1
DA:77,3
DA:80,1
DA:91,1
DA:92,2
DA:93,0
DA:97,2
DA:99,2
DA:103,2
DA:104,1
DA:108,1
DA:114,0
DA:121,1
DA:122,2
DA:124,2
DA:128,2
DA:129,1
DA:133,1
DA:139,0
DA:147,1
DA:148,3
DA:149,0
DA:152,0
DA:155,3
DA:156,3
DA:158,3
DA:160,3
DA:161,1
DA:165,3
DA:168,1
LF:54
LH:48
BRDA:8,0,0,1
BRDA:8,0,1,2
BRDA:8,1,0,3
BRDA:8,1,1,3
BRDA:8,1,2,3
BRDA:8,1,3,2
BRDA:8,1,4,2
BRDA:8,1,5,2
BRDA:8,1,6,2
BRDA:8,1,7,2
BRDA:18,2,0,1
BRDA:18,2,1,1
BRDA:44,3,0,1
BRDA:44,3,1,0
BRDA:52,4,0,2
BRDA:52,4,1,3
BRDA:52,5,0,5
BRDA:52,5,1,3
BRDA:54,6,0,0
BRDA:54,6,1,2
BRDA:63,7,0,0
BRDA:63,7,1,0
BRDA:72,8,0,1
BRDA:72,8,1,2
BRDA:92,9,0,0
BRDA:92,9,1,2
BRDA:103,10,0,1
BRDA:103,10,1,1
BRDA:128,11,0,1
BRDA:128,11,1,1
BRDA:148,12,0,0
BRDA:148,12,1,3
BRDA:148,13,0,3
BRDA:148,13,1,3
BRDA:160,14,0,1
BRDA:160,14,1,2
BRF:36
BRH:30
end_of_record
TN:
SF:app/models/food.model.js
FN:1,(anonymous_0)
FNF:1
FNH:1
FNDA:1,(anonymous_0)
DA:1,1
DA:2,1
DA:18,1
LF:3
LH:3
BRF:0
BRH:0
end_of_record
TN:
SF:app/models/foodMeal.model.js
FN:1,(anonymous_0)
FNF:1
FNH:1
FNDA:1,(anonymous_0)
DA:1,1
DA:2,1
DA:7,1
LF:3
LH:3
BRF:0
BRH:0
end_of_record
TN:
SF:app/models/index.js
FNF:0
FNH:0
DA:1,1
DA:4,1
DA:5,1
DA:6,1
DA:7,1
DA:10,0
DA:13,1
DA:15,1
DA:18,1
DA:20,1
DA:34,1
DA:36,0
DA:52,1
DA:54,1
DA:55,1
DA:57,1
DA:58,1
DA:60,1
DA:61,1
DA:66,1
DA:68,1
DA:73,1
DA:74,1
DA:76,1
LF:24
LH:22
BRDA:18,0,0,1
BRDA:18,0,1,0
BRF:2
BRH:1
end_of_record
TN:
SF:app/models/meal.model.js
FN:1,(anonymous_0)
FNF:1
FNH:1
FNDA:1,(anonymous_0)
DA:1,1
DA:2,1
DA:19,1
LF:3
LH:3
BRF:0
BRH:0
end_of_record
TN:
SF:app/models/user.model.js
FN:1,(anonymous_0)
FNF:1
FNH:1
FNDA:1,(anonymous_0)
DA:1,1
DA:2,1
DA:35,1
LF:3
LH:3
BRF:0
BRH:0
end_of_record
TN:
SF:app/routes/food.routes.js
FNF:0
FNH:0
DA:2,1
DA:4,1
DA:7,1
DA:10,1
DA:16,1
DA:19,1
DA:21,1
LF:7
LH:7
BRF:0
BRH:0
end_of_record
TN:
SF:app/routes/meal.routes.js
FNF:0
FNH:0
DA:2,1
DA:4,1
DA:7,1
DA:13,1
DA:19,1
DA:22,1
DA:25,1
LF:7
LH:7
BRF:0
BRH:0
end_of_record
TN:
SF:app/routes/user.routes.js
FNF:0
FNH:0
DA:2,1
DA:4,1
DA:7,1
DA:10,1
DA:14,1
DA:17,1
DA:20,1
DA:22,1
LF:8
LH:8
BRF:0
BRH:0
end_of_record
