TN:
SF:server.js
FN:35,(anonymous_0)
FN:40,(anonymous_1)
FN:55,(anonymous_2)
FN:72,(anonymous_3)
FNF:4
FNH:2
FNDA:0,(anonymous_0)
FNDA:1,(anonymous_1)
FNDA:0,(anonymous_2)
FNDA:1,(anonymous_3)
DA:1,1
DA:2,1
DA:3,1
DA:4,1
DA:5,1
DA:7,1
DA:8,1
DA:11,1
DA:13,1
DA:14,1
DA:16,1
DA:17,1
DA:18,1
DA:19,1
DA:22,0
DA:27,1
DA:31,1
DA:33,1
DA:35,0
DA:36,0
DA:40,1
DA:41,1
DA:46,1
DA:49,1
DA:52,1
DA:55,1
DA:56,0
DA:60,1
DA:61,1
DA:62,1
DA:63,1
DA:65,1
DA:71,1
DA:72,1
DA:73,1
LF:35
LH:31
BRDA:33,0,0,0
BRDA:33,0,1,1
BRDA:71,1,0,1
BRDA:71,1,1,1
BRF:4
BRH:3
end_of_record
TN:
SF:app/config/db.config.js
FNF:0
FNH:0
DA:2,1
DA:5,1
DA:6,1
DA:7,1
DA:8,1
DA:11,0
DA:20,1
DA:23,0
DA:24,0
DA:25,0
DA:26,0
DA:27,0
DA:28,0
DA:31,0
DA:32,0
DA:33,0
DA:34,0
DA:35,0
DA:36,0
DA:39,1
DA:40,1
DA:41,1
DA:42,1
DA:43,1
DA:44,1
DA:48,1
LF:26
LH:13
BRDA:20,0,0,0
BRDA:20,0,1,0
BRDA:20,0,2,1
BRF:3
BRH:1
end_of_record
TN:
SF:app/controllers/foodSuggestions.controller.js
FN:6,(anonymous_0)
FN:24,(anonymous_1)
FN:27,(anonymous_2)
FN:36,(anonymous_3)
FN:43,(anonymous_4)
FN:51,(anonymous_5)
FN:65,(anonymous_6)
FN:68,(anonymous_7)
FN:80,(anonymous_8)
FN:86,(anonymous_9)
FN:97,(anonymous_10)
FN:105,(anonymous_11)
FN:112,(anonymous_12)
FN:123,(anonymous_13)
FNF:14
FNH:9
FNDA:2,(anonymous_0)
FNDA:1,(anonymous_1)
FNDA:0,(anonymous_2)
FNDA:3,(anonymous_3)
FNDA:0,(anonymous_4)
FNDA:0,(anonymous_5)
FNDA:3,(anonymous_6)
FNDA:0,(anonymous_7)
FNDA:3,(anonymous_8)
FNDA:1,(anonymous_9)
FNDA:2,(anonymous_10)
FNDA:4,(anonymous_11)
FNDA:0,(anonymous_12)
FNDA:4,(anonymous_13)
DA:1,1
DA:2,1
DA:3,1
DA:6,1
DA:8,2
DA:9,1
DA:12,1
DA:16,1
DA:23,1
DA:25,1
DA:28,0
DA:36,1
DA:38,3
DA:40,0
DA:42,0
DA:44,0
DA:45,0
DA:49,0
DA:52,0
DA:61,3
DA:62,3
DA:64,3
DA:66,3
DA:69,0
DA:80,1
DA:81,3
DA:83,3
DA:87,1
DA:88,0
DA:92,1
DA:98,2
DA:105,1
DA:106,4
DA:107,4
DA:109,4
DA:113,0
DA:114,0
DA:118,0
DA:124,4
LF:39
LH:27
BRDA:8,0,0,1
BRDA:8,0,1,1
BRDA:8,1,0,2
BRDA:8,1,1,2
BRDA:8,1,2,1
BRDA:30,2,0,0
BRDA:30,2,1,0
BRDA:38,3,0,0
BRDA:38,3,1,3
BRDA:44,4,0,0
BRDA:44,4,1,0
BRDA:62,5,0,0
BRDA:62,5,1,3
BRDA:71,6,0,0
BRDA:71,6,1,0
BRDA:87,7,0,0
BRDA:87,7,1,1
BRDA:113,8,0,0
BRDA:113,8,1,0
BRF:19
BRH:8
end_of_record
TN:
SF:app/controllers/foods.controller.js
FN:6,(anonymous_0)
FN:24,(anonymous_1)
FN:27,(anonymous_2)
FN:36,(anonymous_3)
FN:43,(anonymous_4)
FN:51,(anonymous_5)
FN:65,(anonymous_6)
FN:68,(anonymous_7)
FN:80,(anonymous_8)
FN:86,(anonymous_9)
FN:97,(anonymous_10)
FN:105,(anonymous_11)
FN:112,(anonymous_12)
FN:123,(anonymous_13)
FNF:14
FNH:10
FNDA:2,(anonymous_0)
FNDA:1,(anonymous_1)
FNDA:0,(anonymous_2)
FNDA:3,(anonymous_3)
FNDA:2,(anonymous_4)
FNDA:1,(anonymous_5)
FNDA:1,(anonymous_6)
FNDA:0,(anonymous_7)
FNDA:3,(anonymous_8)
FNDA:3,(anonymous_9)
FNDA:0,(anonymous_10)
FNDA:4,(anonymous_11)
FNDA:4,(anonymous_12)
FNDA:0,(anonymous_13)
DA:1,1
DA:2,1
DA:3,1
DA:6,1
DA:8,2
DA:9,1
DA:12,1
DA:16,1
DA:23,1
DA:25,1
DA:28,0
DA:36,1
DA:38,3
DA:40,2
DA:42,2
DA:44,2
DA:45,1
DA:49,2
DA:52,1
DA:61,1
DA:62,1
DA:64,1
DA:66,1
DA:69,0
DA:80,1
DA:81,3
DA:83,3
DA:87,3
DA:88,1
DA:92,2
DA:98,0
DA:105,1
DA:106,4
DA:107,4
DA:109,4
DA:113,4
DA:114,2
DA:118,2
DA:124,0
LF:39
LH:35
BRDA:8,0,0,1
BRDA:8,0,1,1
BRDA:8,1,0,2
BRDA:8,1,1,2
BRDA:8,1,2,1
BRDA:30,2,0,0
BRDA:30,2,1,0
BRDA:38,3,0,2
BRDA:38,3,1,1
BRDA:44,4,0,1
BRDA:44,4,1,1
BRDA:62,5,0,0
BRDA:62,5,1,1
BRDA:71,6,0,0
BRDA:71,6,1,0
BRDA:87,7,0,1
BRDA:87,7,1,2
BRDA:113,8,0,2
BRDA:113,8,1,2
BRF:19
BRH:14
end_of_record
TN:
SF:app/controllers/meals.controller.js
FN:9,isDateOk
FN:17,parseMealMultipleResponse
FN:25,(anonymous_2)
FN:36,(anonymous_3)
FN:63,parseMealSingleResponse
FN:82,(anonymous_5)
FN:105,(anonymous_6)
FN:167,(anonymous_7)
FN:177,(anonymous_8)
FN:188,(anonymous_9)
FN:206,(anonymous_10)
FN:220,(anonymous_11)
FN:240,(anonymous_12)
FN:302,(anonymous_13)
FN:314,(anonymous_14)
FN:334,(anonymous_15)
FNF:16
FNH:13
FNDA:6,isDateOk
FNDA:7,parseMealMultipleResponse
FNDA:8,(anonymous_2)
FNDA:10,(anonymous_3)
FNDA:5,parseMealSingleResponse
FNDA:5,(anonymous_5)
FNDA:4,(anonymous_6)
FNDA:14,(anonymous_7)
FNDA:7,(anonymous_8)
FNDA:0,(anonymous_9)
FNDA:6,(anonymous_10)
FNDA:0,(anonymous_11)
FNDA:3,(anonymous_12)
FNDA:2,(anonymous_13)
FNDA:2,(anonymous_14)
FNDA:0,(anonymous_15)
DA:1,1
DA:2,1
DA:3,1
DA:4,1
DA:5,1
DA:7,1
DA:10,6
DA:11,0
DA:13,6
DA:20,7
DA:21,7
DA:22,0
DA:25,7
DA:27,8
DA:35,8
DA:36,5
DA:37,10
DA:53,8
DA:59,7
DA:66,5
DA:67,0
DA:69,5
DA:77,5
DA:78,0
DA:81,5
DA:82,2
DA:83,5
DA:100,5
DA:105,1
DA:107,4
DA:108,4
DA:110,1
DA:113,1
DA:116,3
DA:117,0
DA:123,3
DA:129,3
DA:130,3
DA:131,3
DA:133,3
DA:137,3
DA:139,4
DA:140,4
DA:141,0
DA:145,4
DA:150,3
DA:154,0
DA:155,0
DA:167,1
DA:169,14
DA:171,7
DA:173,7
DA:178,7
DA:179,0
DA:182,0
DA:185,7
DA:186,7
DA:189,0
DA:190,0
DA:196,7
DA:198,6
DA:200,6
DA:207,6
DA:208,1
DA:211,1
DA:216,5
DA:218,5
DA:221,0
DA:222,0
DA:230,1
DA:240,1
DA:241,3
DA:244,3
DA:245,3
DA:247,3
DA:248,0
DA:254,3
DA:260,3
DA:261,3
DA:262,1
DA:265,1
DA:268,2
DA:270,2
DA:272,2
DA:273,2
DA:274,2
DA:275,2
DA:276,2
DA:279,1
DA:282,1
DA:283,1
DA:284,1
DA:285,2
DA:287,2
DA:288,2
DA:289,0
DA:293,2
DA:298,2
DA:302,1
DA:304,2
DA:305,0
DA:309,2
DA:311,2
DA:315,2
DA:317,2
DA:318,1
DA:321,1
DA:329,0
DA:335,0
DA:336,0
LF:110
LH:90
BRDA:10,0,0,0
BRDA:10,0,1,6
BRDA:21,1,0,0
BRDA:21,1,1,7
BRDA:35,2,0,5
BRDA:35,2,1,3
BRDA:66,3,0,0
BRDA:66,3,1,5
BRDA:77,4,0,0
BRDA:77,4,1,5
BRDA:81,5,0,2
BRDA:81,5,1,3
BRDA:108,6,0,1
BRDA:108,6,1,3
BRDA:108,7,0,4
BRDA:108,7,1,4
BRDA:108,7,2,3
BRDA:116,8,0,0
BRDA:116,8,1,3
BRDA:140,9,0,0
BRDA:140,9,1,4
BRDA:157,10,0,0
BRDA:157,10,1,0
BRDA:169,11,0,7
BRDA:169,11,1,7
BRDA:178,12,0,0
BRDA:178,12,1,7
BRDA:192,13,0,0
BRDA:192,13,1,0
BRDA:196,14,0,6
BRDA:196,14,1,1
BRDA:207,15,0,1
BRDA:207,15,1,5
BRDA:247,16,0,0
BRDA:247,16,1,3
BRDA:261,17,0,1
BRDA:261,17,1,2
BRDA:276,18,0,1
BRDA:276,18,1,1
BRDA:288,19,0,0
BRDA:288,19,1,2
BRDA:304,20,0,0
BRDA:304,20,1,2
BRDA:315,21,0,2
BRDA:315,21,1,0
BRDA:317,22,0,1
BRDA:317,22,1,1
BRF:47
BRH:32
end_of_record
TN:
SF:app/controllers/users.controller.js
FN:6,(anonymous_0)
FN:38,(anonymous_1)
FN:41,(anonymous_2)
FN:50,(anonymous_3)
FN:57,(anonymous_4)
FN:60,(anonymous_5)
FN:71,(anonymous_6)
FN:79,(anonymous_7)
FN:91,(anonymous_8)
FN:102,(anonymous_9)
FN:113,(anonymous_10)
FN:121,(anonymous_11)
FN:127,(anonymous_12)
FN:138,(anonymous_13)
FN:147,(anonymous_14)
FN:159,(anonymous_15)
FN:167,(anonymous_16)
FNF:17
FNH:14
FNDA:3,(anonymous_0)
FNDA:2,(anonymous_1)
FNDA:1,(anonymous_2)
FNDA:4,(anonymous_3)
FNDA:2,(anonymous_4)
FNDA:0,(anonymous_5)
FNDA:2,(anonymous_6)
FNDA:1,(anonymous_7)
FNDA:2,(anonymous_8)
FNDA:2,(anonymous_9)
FNDA:0,(anonymous_10)
FNDA:2,(anonymous_11)
FNDA:2,(anonymous_12)
FNDA:0,(anonymous_13)
FNDA:3,(anonymous_14)
FNDA:3,(anonymous_15)
FNDA:1,(anonymous_16)
DA:1,1
DA:2,1
DA:3,1
DA:6,1
DA:8,3
DA:10,1
DA:13,1
DA:17,2
DA:18,2
DA:19,1
DA:25,2
DA:37,2
DA:39,2
DA:42,1
DA:50,1
DA:52,4
DA:53,2
DA:54,2
DA:56,2
DA:58,2
DA:61,0
DA:68,2
DA:70,2
DA:72,2
DA:73,1
DA:77,2
DA:80,1
DA:91,1
DA:92,2
DA:93,0
DA:97,2
DA:99,2
DA:103,2
DA:104,1
DA:108,1
DA:114,0
DA:121,1
DA:122,2
DA:124,2
DA:128,2
DA:129,1
DA:133,1
DA:139,0
DA:147,1
DA:148,3
DA:149,0
DA:152,0
DA:155,3
DA:156,3
DA:158,3
DA:160,3
DA:161,1
DA:165,3
DA:168,1
LF:54
LH:48
BRDA:8,0,0,1
BRDA:8,0,1,2
BRDA:8,1,0,3
BRDA:8,1,1,3
BRDA:8,1,2,3
BRDA:8,1,3,2
BRDA:8,1,4,2
BRDA:8,1,5,2
BRDA:8,1,6,2
BRDA:8,1,7,2
BRDA:18,2,0,1
BRDA:18,2,1,1
BRDA:44,3,0,1
BRDA:44,3,1,0
BRDA:52,4,0,2
BRDA:52,4,1,2
BRDA:52,5,0,4
BRDA:52,5,1,2
BRDA:54,6,0,0
BRDA:54,6,1,2
BRDA:63,7,0,0
BRDA:63,7,1,0
BRDA:72,8,0,1
BRDA:72,8,1,1
BRDA:92,9,0,0
BRDA:92,9,1,2
BRDA:103,10,0,1
BRDA:103,10,1,1
BRDA:128,11,0,1
BRDA:128,11,1,1
BRDA:148,12,0,0
BRDA:148,12,1,3
BRDA:148,13,0,3
BRDA:148,13,1,3
BRDA:160,14,0,1
BRDA:160,14,1,2
BRF:36
BRH:30
end_of_record
TN:
SF:app/models/food.model.js
FN:1,(anonymous_0)
FNF:1
FNH:1
FNDA:1,(anonymous_0)
DA:1,1
DA:2,1
DA:18,1
LF:3
LH:3
BRF:0
BRH:0
end_of_record
TN:
SF:app/models/foodMeal.model.js
FN:1,(anonymous_0)
FNF:1
FNH:1
FNDA:1,(anonymous_0)
DA:1,1
DA:2,1
DA:7,1
LF:3
LH:3
BRF:0
BRH:0
end_of_record
TN:
SF:app/models/foodSuggestion.model.js
FN:1,(anonymous_0)
FNF:1
FNH:1
FNDA:1,(anonymous_0)
DA:1,1
DA:2,1
DA:18,1
LF:3
LH:3
BRF:0
BRH:0
end_of_record
TN:
SF:app/models/index.js
FNF:0
FNH:0
DA:1,1
DA:4,1
DA:5,1
DA:6,1
DA:7,1
DA:10,0
DA:13,1
DA:15,1
DA:18,1
DA:20,1
DA:34,1
DA:36,0
DA:52,1
DA:54,1
DA:55,1
DA:57,1
DA:58,1
DA:60,1
DA:61,1
DA:62,1
DA:67,1
DA:69,1
DA:74,1
DA:75,1
DA:77,1
LF:25
LH:23
BRDA:18,0,0,1
BRDA:18,0,1,0
BRF:2
BRH:1
end_of_record
TN:
SF:app/models/meal.model.js
FN:1,(anonymous_0)
FNF:1
FNH:1
FNDA:1,(anonymous_0)
DA:1,1
DA:2,1
DA:16,1
LF:3
LH:3
BRF:0
BRH:0
end_of_record
TN:
SF:app/models/user.model.js
FN:1,(anonymous_0)
FNF:1
FNH:1
FNDA:1,(anonymous_0)
DA:1,1
DA:2,1
DA:35,1
LF:3
LH:3
BRF:0
BRH:0
end_of_record
TN:
SF:app/routes/food.routes.js
FNF:0
FNH:0
DA:2,1
DA:4,1
DA:7,1
DA:10,1
DA:16,1
DA:19,1
DA:21,1
LF:7
LH:7
BRF:0
BRH:0
end_of_record
TN:
SF:app/routes/foodSuggestion.routes.js
FNF:0
FNH:0
DA:2,1
DA:4,1
DA:7,1
DA:10,1
DA:16,1
DA:19,1
DA:21,1
LF:7
LH:7
BRF:0
BRH:0
end_of_record
TN:
SF:app/routes/meal.routes.js
FNF:0
FNH:0
DA:2,1
DA:4,1
DA:7,1
DA:13,1
DA:19,1
DA:22,1
DA:25,1
LF:7
LH:7
BRF:0
BRH:0
end_of_record
TN:
SF:app/routes/user.routes.js
FNF:0
FNH:0
DA:2,1
DA:4,1
DA:7,1
DA:10,1
DA:14,1
DA:17,1
DA:20,1
DA:22,1
LF:8
LH:8
BRF:0
BRH:0
end_of_record
